<?xml version="1.0" encoding="UTF-8" standalone="yes"?><!DOCTYPE report PUBLIC "-//JACOCO//DTD Report 1.1//EN"
        "report.dtd">
<report name="task1-simple-tests">
    <sessioninfo id="aayush-HP-Laptop-14-cf1xxx-4773d8af" start="1669510468311" dump="1669510470591"/>
    <sessioninfo id="aayush-HP-Laptop-14-cf1xxx-78c231c2" start="1669642974805" dump="1669642976081"/>
    <package name="">
        <class name="SimpleCalc" sourcefilename="SimpleCalc.kt">
            <method name="add" desc="(II)I" line="7">
                <counter type="INSTRUCTION" missed="0" covered="4"/>
                <counter type="LINE" missed="0" covered="1"/>
                <counter type="COMPLEXITY" missed="0" covered="1"/>
                <counter type="METHOD" missed="0" covered="1"/>
            </method>
            <method name="multiply" desc="(DD)D" line="14">
                <counter type="INSTRUCTION" missed="0" covered="4"/>
                <counter type="LINE" missed="0" covered="1"/>
                <counter type="COMPLEXITY" missed="0" covered="1"/>
                <counter type="METHOD" missed="0" covered="1"/>
            </method>
            <method name="sumOffEvens" desc="([I)I" line="21">
                <counter type="INSTRUCTION" missed="0" covered="31"/>
                <counter type="BRANCH" missed="0" covered="4"/>
                <counter type="LINE" missed="0" covered="4"/>
                <counter type="COMPLEXITY" missed="0" covered="3"/>
                <counter type="METHOD" missed="0" covered="1"/>
            </method>
            <counter type="INSTRUCTION" missed="0" covered="39"/>
            <counter type="BRANCH" missed="0" covered="4"/>
            <counter type="LINE" missed="0" covered="6"/>
            <counter type="COMPLEXITY" missed="0" covered="5"/>
            <counter type="METHOD" missed="0" covered="3"/>
            <counter type="CLASS" missed="0" covered="1"/>
        </class>
        <sourcefile name="SimpleCalc.kt">
            <line nr="7" mi="0" ci="4" mb="0" cb="0"/>
            <line nr="14" mi="0" ci="4" mb="0" cb="0"/>
            <line nr="21" mi="0" ci="2" mb="0" cb="0"/>
            <line nr="22" mi="0" ci="15" mb="0" cb="2"/>
            <line nr="23" mi="0" ci="9" mb="0" cb="2"/>
            <line nr="25" mi="0" ci="2" mb="0" cb="0"/>
            <counter type="INSTRUCTION" missed="0" covered="39"/>
            <counter type="BRANCH" missed="0" covered="4"/>
            <counter type="LINE" missed="0" covered="6"/>
            <counter type="COMPLEXITY" missed="0" covered="5"/>
            <counter type="METHOD" missed="0" covered="3"/>
            <counter type="CLASS" missed="0" covered="1"/>
        </sourcefile>
        <counter type="INSTRUCTION" missed="0" covered="39"/>
        <counter type="BRANCH" missed="0" covered="4"/>
        <counter type="LINE" missed="0" covered="6"/>
        <counter type="COMPLEXITY" missed="0" covered="5"/>
        <counter type="METHOD" missed="0" covered="3"/>
        <counter type="CLASS" missed="0" covered="1"/>
    </package>
    <counter type="INSTRUCTION" missed="0" covered="39"/>
    <counter type="BRANCH" missed="0" covered="4"/>
    <counter type="LINE" missed="0" covered="6"/>
    <counter type="COMPLEXITY" missed="0" covered="5"/>
    <counter type="METHOD" missed="0" covered="3"/>
    <counter type="CLASS" missed="0" covered="1"/>
</report>